{"name": "test_get_projects_paginated", "status": "failed", "statusDetails": {"message": "AssertionError: test_get_projects_paginated: Unable to fetch projects\nassert None is not None", "trace": "jira_api = <utils.jira_project_api.JiraProjectAPI object at 0x000001FEE3D73B00>\n\n    def test_get_projects_paginated(jira_api):\n        StartAt=0\n        maxResults=5\n        response=jira_api.get_projects_paginated(StartAt,maxResults)\n>       assert response is not None, \"test_get_projects_paginated: Unable to fetch projects\"\nE       AssertionError: test_get_projects_paginated: Unable to fetch projects\nE       assert None is not None\n\ntests\\test_project.py:93: AssertionError"}, "attachments": [{"name": "log", "source": "a1a294ca-b99e-4a67-adc8-fc58a4e24371-attachment.txt", "type": "text/plain"}], "start": 1743238380779, "stop": 1743238381483, "uuid": "faa8c0bf-df58-4a8f-8364-1ad92f42b728", "historyId": "fe46fddf00f7926e8d6816474e0c8011", "testCaseId": "fe46fddf00f7926e8d6816474e0c8011", "fullName": "tests.test_project#test_get_projects_paginated", "labels": [{"name": "parentSuite", "value": "tests"}, {"name": "suite", "value": "test_project"}, {"name": "host", "value": "user"}, {"name": "thread", "value": "8892-MainThread"}, {"name": "framework", "value": "pytest"}, {"name": "language", "value": "cpython3"}, {"name": "package", "value": "tests.test_project"}]}