{"name": "test_create_project", "status": "failed", "statusDetails": {"message": "AssertionError: Project not created. Got Error code as 201\nassert 201 == 200", "trace": "jira_api = <utils.jira_project_api.JiraProjectAPI object at 0x000002ACC3FA2660>\n\n    @pytest.mark.project\n    def test_create_project(jira_api):\n        key=jira_api.config[\"jira\"][\"new_project\"][\"key\"]\n        description=jira_api.config[\"jira\"][\"new_project\"][\"description\"]\n        response=jira_api.create_project(key, description)\n>       assert response == 200, f\"Project not created. Got Error code as {response}\"\nE       AssertionError: Project not created. Got Error code as 201\nE       assert 201 == 200\n\ntests\\test_project.py:70: AssertionError"}, "attachments": [{"name": "log", "source": "2e768178-a692-4a86-93cf-a7d685906649-attachment.txt", "type": "text/plain"}, {"name": "stderr", "source": "838b71af-07ed-4359-b424-7b91cd54e9c1-attachment.txt", "type": "text/plain"}], "start": 1743417138209, "stop": 1743417144016, "uuid": "87dfc169-d54e-42c6-b39a-f85ef40ad6af", "historyId": "0f039d0d165cdeaa55928cc6e5ed2a54", "testCaseId": "0f039d0d165cdeaa55928cc6e5ed2a54", "fullName": "tests.test_project#test_create_project", "labels": [{"name": "tag", "value": "project"}, {"name": "parentSuite", "value": "tests"}, {"name": "suite", "value": "test_project"}, {"name": "host", "value": "user"}, {"name": "thread", "value": "23624-MainThread"}, {"name": "framework", "value": "pytest"}, {"name": "language", "value": "cpython3"}, {"name": "package", "value": "tests.test_project"}]}