{"name": "test_get_projects_paginated", "status": "failed", "statusDetails": {"message": "AssertionError: test_get_projects_paginated: Unable to fetch projects\nassert None is not None", "trace": "jira_api = <utils.jira_project_api.JiraProjectAPI object at 0x000001B1EA6A9C70>\n\n    def test_get_projects_paginated(jira_api):\n        StartAt=0\n        maxResults=5\n        response=jira_api.get_projects_paginated(StartAt,maxResults)\n>       assert response is not None, \"test_get_projects_paginated: Unable to fetch projects\"\nE       AssertionError: test_get_projects_paginated: Unable to fetch projects\nE       assert None is not None\n\ntests\\test_project.py:93: AssertionError"}, "attachments": [{"name": "log", "source": "cc1eaf23-b073-4c64-b0f4-0d87f9452996-attachment.txt", "type": "text/plain"}], "start": 1743234302237, "stop": 1743234302773, "uuid": "7cffe0ad-dfd0-477b-bcd9-0e12fc9bd63e", "historyId": "fe46fddf00f7926e8d6816474e0c8011", "testCaseId": "fe46fddf00f7926e8d6816474e0c8011", "fullName": "tests.test_project#test_get_projects_paginated", "labels": [{"name": "parentSuite", "value": "tests"}, {"name": "suite", "value": "test_project"}, {"name": "host", "value": "user"}, {"name": "thread", "value": "16184-MainThread"}, {"name": "framework", "value": "pytest"}, {"name": "language", "value": "cpython3"}, {"name": "package", "value": "tests.test_project"}]}